<?xml version="1.0" encoding="UTF-8" ?>
<testsuites>
<testsuite name="opendlv-logic-cfsd18-cognition-brake-braketestsuite.hpp" tests="1" failures="0" errors="0" time="0" timestamp="Mon May 21 14:02:07 2018" file="/opt/opendlv.cfsd18.sources/code/logic-cfsd18/cognition/brake/testsuites/braketestsuite.hpp" >
    <testcase name="testApplication" classname="BrakeTest" line="36" >    </testcase>
</testsuite>
</testsuites>
